#
# There is insufficient memory for the Java Runtime Environment to continue.
# Native memory allocation (mmap) failed to map 28311552 bytes. Error detail: G1 virtual space
# Possible reasons:
#   The system is out of physical RAM or swap space
#   This process is running with CompressedOops enabled, and the Java Heap may be blocking the growth of the native heap
# Possible solutions:
#   Reduce memory load on the system
#   Increase physical memory or swap space
#   Check if swap backing store is full
#   Decrease Java heap size (-Xmx/-Xms)
#   Decrease number of Java threads
#   Decrease Java thread stack sizes (-Xss)
#   Set larger code cache with -XX:ReservedCodeCacheSize=
#   JVM is running with Unscaled Compressed Oops mode in which the Java heap is
#     placed in the first 4GB address space. The Java Heap base address is the
#     maximum limit for the native heap growth. Please use -XX:HeapBaseMinAddress
#     to set the Java Heap base and to place the Java Heap above 4GB virtual address.
# This output file may be truncated or incomplete.
#
#  Out of Memory Error (os_windows.cpp:3828), pid=28680, tid=11624
#
# JRE version: OpenJDK Runtime Environment (21.0.4) (build 21.0.4+-12508038-b607.1)
# Java VM: OpenJDK 64-Bit Server VM (21.0.4+-12508038-b607.1, mixed mode, tiered, compressed oops, compressed class ptrs, g1 gc, windows-amd64)
# No core dump will be written. Minidumps are not enabled by default on client versions of Windows
#

---------------  S U M M A R Y ------------

Command Line: org.jetbrains.kotlin.cli.jvm.K2JVMCompiler @C:\Users\aruns\AndroidStudioProjects\AkEducation\app\build\20250709_13110788789587538356.compiler.options

Host: 12th Gen Intel(R) Core(TM) i5-1235U, 12 cores, 7G,  Windows 11 , 64 bit Build 22621 (10.0.22621.5124)
Time: Wed Jul  9 18:03:59 2025 India Standard Time elapsed time: 17.761406 seconds (0d 0h 0m 17s)

---------------  T H R E A D  ---------------

Current thread (0x0000025cbc5a60b0):  VMThread "VM Thread"          [id=11624, stack(0x000000d0d6600000,0x000000d0d6700000) (1024K)]

Stack: [0x000000d0d6600000,0x000000d0d6700000]
Native frames: (J=compiled Java code, j=interpreted, Vv=VM code, C=native code)
V  [jvm.dll+0x6ce539]
V  [jvm.dll+0x85bf03]
V  [jvm.dll+0x85e45e]
V  [jvm.dll+0x85eb43]
V  [jvm.dll+0x27dd06]
V  [jvm.dll+0x6cada5]
V  [jvm.dll+0x6bf27a]
V  [jvm.dll+0x3541fb]
V  [jvm.dll+0x35be36]
V  [jvm.dll+0x3adbc6]
V  [jvm.dll+0x3ade98]
V  [jvm.dll+0x32691c]
V  [jvm.dll+0x3269a7]
V  [jvm.dll+0x36c78c]
V  [jvm.dll+0x36af3e]
V  [jvm.dll+0x326071]
V  [jvm.dll+0x36a650]
V  [jvm.dll+0x8648c8]
V  [jvm.dll+0x865c44]
V  [jvm.dll+0x866180]
V  [jvm.dll+0x866413]
V  [jvm.dll+0x804418]
V  [jvm.dll+0x6cce0d]
C  [ucrtbase.dll+0x29333]
C  [KERNEL32.DLL+0x1259d]
C  [ntdll.dll+0x5af38]

VM_Operation (0x000000d0d5ffc290): G1CollectForAllocation, mode: safepoint, requested by thread 0x0000025ca28daef0


---------------  P R O C E S S  ---------------

Threads class SMR info:
_java_thread_list=0x0000025cc4a9db80, length=12, elements={
0x0000025ca28daef0, 0x0000025cbc74d140, 0x0000025cbc74dd00, 0x0000025cbc764410,
0x0000025cbc773b90, 0x0000025cbc7745f0, 0x0000025cbc77d060, 0x0000025cbc77e320,
0x0000025cbc768590, 0x0000025cbc908fa0, 0x0000025cbc90a1e0, 0x0000025cc47509a0
}

Java Threads: ( => current thread )
  0x0000025ca28daef0 JavaThread "main"                              [_thread_blocked, id=4360, stack(0x000000d0d5f00000,0x000000d0d6000000) (1024K)]
  0x0000025cbc74d140 JavaThread "Reference Handler"          daemon [_thread_blocked, id=22160, stack(0x000000d0d6700000,0x000000d0d6800000) (1024K)]
  0x0000025cbc74dd00 JavaThread "Finalizer"                  daemon [_thread_blocked, id=20972, stack(0x000000d0d6800000,0x000000d0d6900000) (1024K)]
  0x0000025cbc764410 JavaThread "Signal Dispatcher"          daemon [_thread_blocked, id=11056, stack(0x000000d0d6900000,0x000000d0d6a00000) (1024K)]
  0x0000025cbc773b90 JavaThread "Attach Listener"            daemon [_thread_blocked, id=36628, stack(0x000000d0d6a00000,0x000000d0d6b00000) (1024K)]
  0x0000025cbc7745f0 JavaThread "Service Thread"             daemon [_thread_blocked, id=31032, stack(0x000000d0d6b00000,0x000000d0d6c00000) (1024K)]
  0x0000025cbc77d060 JavaThread "Monitor Deflation Thread"   daemon [_thread_blocked, id=34568, stack(0x000000d0d6c00000,0x000000d0d6d00000) (1024K)]
  0x0000025cbc77e320 JavaThread "C2 CompilerThread0"         daemon [_thread_blocked, id=13636, stack(0x000000d0d6d00000,0x000000d0d6e00000) (1024K)]
  0x0000025cbc768590 JavaThread "C1 CompilerThread0"         daemon [_thread_blocked, id=1048, stack(0x000000d0d6e00000,0x000000d0d6f00000) (1024K)]
  0x0000025cbc908fa0 JavaThread "Notification Thread"        daemon [_thread_blocked, id=29896, stack(0x000000d0d6f00000,0x000000d0d7000000) (1024K)]
  0x0000025cbc90a1e0 JavaThread "Common-Cleaner"             daemon [_thread_blocked, id=14900, stack(0x000000d0d7000000,0x000000d0d7100000) (1024K)]
  0x0000025cc47509a0 JavaThread "C2 CompilerThread1"         daemon [_thread_blocked, id=30088, stack(0x000000d0d7a00000,0x000000d0d7b00000) (1024K)]
Total: 12

Other Threads:
=>0x0000025cbc5a60b0 VMThread "VM Thread"                           [id=11624, stack(0x000000d0d6600000,0x000000d0d6700000) (1024K)]
  0x0000025cbc543350 WatcherThread "VM Periodic Task Thread"        [id=7396, stack(0x000000d0d6500000,0x000000d0d6600000) (1024K)]
  0x0000025ca4c3bc00 WorkerThread "GC Thread#0"                     [id=1268, stack(0x000000d0d6000000,0x000000d0d6100000) (1024K)]
  0x0000025cc1575db0 WorkerThread "GC Thread#1"                     [id=30260, stack(0x000000d0d7200000,0x000000d0d7300000) (1024K)]
  0x0000025cc159be30 WorkerThread "GC Thread#2"                     [id=36672, stack(0x000000d0d7300000,0x000000d0d7400000) (1024K)]
  0x0000025cc159c1d0 WorkerThread "GC Thread#3"                     [id=8068, stack(0x000000d0d7400000,0x000000d0d7500000) (1024K)]
  0x0000025cc159c570 WorkerThread "GC Thread#4"                     [id=6032, stack(0x000000d0d7500000,0x000000d0d7600000) (1024K)]
  0x0000025cc159c910 WorkerThread "GC Thread#5"                     [id=6096, stack(0x000000d0d7600000,0x000000d0d7700000) (1024K)]
  0x0000025cc18f6bc0 WorkerThread "GC Thread#6"                     [id=35516, stack(0x000000d0d7100000,0x000000d0d7200000) (1024K)]
  0x0000025cc18f6820 WorkerThread "GC Thread#7"                     [id=22092, stack(0x000000d0d7700000,0x000000d0d7800000) (1024K)]
  0x0000025cc18f7de0 WorkerThread "GC Thread#8"                     [id=16688, stack(0x000000d0d7c00000,0x000000d0d7d00000) (1024K)]
  0x0000025cc1e82440 WorkerThread "GC Thread#9"                     [id=7868, stack(0x000000d0d7d00000,0x000000d0d7e00000) (1024K)]
  0x0000025ca4c4c220 ConcurrentGCThread "G1 Main Marker"            [id=28420, stack(0x000000d0d6100000,0x000000d0d6200000) (1024K)]
  0x0000025ca4c4cd20 WorkerThread "G1 Conc#0"                       [id=17476, stack(0x000000d0d6200000,0x000000d0d6300000) (1024K)]
  0x0000025cc18f7a40 WorkerThread "G1 Conc#1"                       [id=29460, stack(0x000000d0d7800000,0x000000d0d7900000) (1024K)]
  0x0000025cc18f6f60 WorkerThread "G1 Conc#2"                       [id=33292, stack(0x000000d0d7900000,0x000000d0d7a00000) (1024K)]
  0x0000025cbc4171a0 ConcurrentGCThread "G1 Refine#0"               [id=16664, stack(0x000000d0d6300000,0x000000d0d6400000) (1024K)]
  0x0000025cbc417d10 ConcurrentGCThread "G1 Service"                [id=13628, stack(0x000000d0d6400000,0x000000d0d6500000) (1024K)]
Total: 18

Threads with active compile tasks:
C2 CompilerThread0    17778 16047       4       org.jetbrains.org.objectweb.asm.tree.AbstractInsnNode::<init> (15 bytes)
C1 CompilerThread0    17778 16044       3       org.jetbrains.kotlin.backend.jvm.codegen.ExpressionCodegen::visitFieldAccess (548 bytes)
C2 CompilerThread1    17778 16004       4       org.jetbrains.kotlin.backend.jvm.mapping.MethodSignatureMapper::mapSignature (587 bytes)
Total: 3

VM state: at safepoint (normal execution)

VM Mutex/Monitor currently owned by a thread:  ([mutex/lock_event])
[0x00007ffb8f2572f8] Threads_lock - owner thread: 0x0000025cbc5a60b0
[0x00007ffb8f2573f8] Heap_lock - owner thread: 0x0000025ca28daef0

Heap address: 0x0000000084e00000, size: 1970 MB, Compressed Oops mode: 32-bit

CDS archive(s) not mapped
Compressed class space mapped at: 0x0000000100000000-0x0000000140000000, reserved size: 1073741824
Narrow klass base: 0x0000000000000000, Narrow klass shift: 3, Narrow klass range: 0x140000000

GC Precious Log:
 CardTable entry size: 512
 Card Set container configuration: InlinePtr #cards 5 size 8 Array Of Cards #cards 12 size 40 Howl #buckets 4 coarsen threshold 1843 Howl Bitmap #cards 512 size 80 coarsen threshold 460 Card regions per heap region 1 cards per card region 2048
 CPUs: 12 total, 12 available
 Memory: 7877M
 Large Page Support: Disabled
 NUMA Support: Disabled
 Compressed Oops: Enabled (32-bit)
 Heap Region Size: 1M
 Heap Min Capacity: 8M
 Heap Initial Capacity: 124M
 Heap Max Capacity: 1970M
 Pre-touch: Disabled
 Parallel Workers: 10
 Concurrent Workers: 3
 Concurrent Refinement Workers: 10
 Periodic GC: Disabled

Heap:
 garbage-first heap   total 135168K, used 84311K [0x0000000084e00000, 0x0000000100000000)
  region size 1024K, 5 young (5120K), 5 survivors (5120K)
 Metaspace       used 87709K, committed 88512K, reserved 1179648K
  class space    used 9299K, committed 9664K, reserved 1048576K

Heap Regions: E=young(eden), S=young(survivor), O=old, HS=humongous(starts), HC=humongous(continues), CS=collection set, F=free, TAMS=top-at-mark-start, PB=parsable bottom
|   0|0x0000000084e00000, 0x0000000084f00000, 0x0000000084f00000|100%|HS|  |TAMS 0x0000000084f00000| PB 0x0000000084e00000| Complete 
|   1|0x0000000084f00000, 0x0000000085000000, 0x0000000085000000|100%|HC|  |TAMS 0x0000000085000000| PB 0x0000000084f00000| Complete 
|   2|0x0000000085000000, 0x0000000085100000, 0x0000000085100000|100%|HC|  |TAMS 0x0000000085100000| PB 0x0000000085000000| Complete 
|   3|0x0000000085100000, 0x0000000085200000, 0x0000000085200000|100%|HC|  |TAMS 0x0000000085200000| PB 0x0000000085100000| Complete 
|   4|0x0000000085200000, 0x0000000085300000, 0x0000000085300000|100%| O|  |TAMS 0x0000000085300000| PB 0x0000000085200000| Untracked 
|   5|0x0000000085300000, 0x0000000085400000, 0x0000000085400000|100%| O|  |TAMS 0x0000000085400000| PB 0x0000000085300000| Untracked 
|   6|0x0000000085400000, 0x0000000085500000, 0x0000000085500000|100%| O|  |TAMS 0x0000000085500000| PB 0x0000000085400000| Untracked 
|   7|0x0000000085500000, 0x0000000085600000, 0x0000000085600000|100%| O|  |TAMS 0x0000000085600000| PB 0x0000000085500000| Untracked 
|   8|0x0000000085600000, 0x0000000085700000, 0x0000000085700000|100%| O|  |TAMS 0x0000000085700000| PB 0x0000000085600000| Untracked 
|   9|0x0000000085700000, 0x0000000085800000, 0x0000000085800000|100%| O|  |TAMS 0x0000000085800000| PB 0x0000000085700000| Untracked 
|  10|0x0000000085800000, 0x0000000085900000, 0x0000000085900000|100%| O|  |TAMS 0x0000000085900000| PB 0x0000000085800000| Untracked 
|  11|0x0000000085900000, 0x0000000085a00000, 0x0000000085a00000|100%| O|  |TAMS 0x0000000085a00000| PB 0x0000000085900000| Untracked 
|  12|0x0000000085a00000, 0x0000000085b00000, 0x0000000085b00000|100%| O|  |TAMS 0x0000000085b00000| PB 0x0000000085a00000| Untracked 
|  13|0x0000000085b00000, 0x0000000085c00000, 0x0000000085c00000|100%| O|  |TAMS 0x0000000085c00000| PB 0x0000000085b00000| Untracked 
|  14|0x0000000085c00000, 0x0000000085d00000, 0x0000000085d00000|100%| O|  |TAMS 0x0000000085d00000| PB 0x0000000085c00000| Untracked 
|  15|0x0000000085d00000, 0x0000000085e00000, 0x0000000085e00000|100%| O|  |TAMS 0x0000000085e00000| PB 0x0000000085d00000| Untracked 
|  16|0x0000000085e00000, 0x0000000085f00000, 0x0000000085f00000|100%| O|  |TAMS 0x0000000085f00000| PB 0x0000000085e00000| Untracked 
|  17|0x0000000085f00000, 0x0000000086000000, 0x0000000086000000|100%| O|  |TAMS 0x0000000086000000| PB 0x0000000085f00000| Untracked 
|  18|0x0000000086000000, 0x0000000086100000, 0x0000000086100000|100%| O|  |TAMS 0x0000000086100000| PB 0x0000000086000000| Untracked 
|  19|0x0000000086100000, 0x0000000086200000, 0x0000000086200000|100%| O|  |TAMS 0x0000000086200000| PB 0x0000000086100000| Untracked 
|  20|0x0000000086200000, 0x0000000086300000, 0x0000000086300000|100%|HS|  |TAMS 0x0000000086300000| PB 0x0000000086200000| Complete 
|  21|0x0000000086300000, 0x0000000086400000, 0x0000000086400000|100%|HC|  |TAMS 0x0000000086400000| PB 0x0000000086300000| Complete 
|  22|0x0000000086400000, 0x0000000086500000, 0x0000000086500000|100%| O|  |TAMS 0x0000000086500000| PB 0x0000000086400000| Untracked 
|  23|0x0000000086500000, 0x0000000086600000, 0x0000000086600000|100%| O|  |TAMS 0x0000000086600000| PB 0x0000000086500000| Untracked 
|  24|0x0000000086600000, 0x0000000086700000, 0x0000000086700000|100%| O|  |TAMS 0x0000000086700000| PB 0x0000000086600000| Untracked 
|  25|0x0000000086700000, 0x0000000086800000, 0x0000000086800000|100%| O|  |TAMS 0x0000000086800000| PB 0x0000000086700000| Untracked 
|  26|0x0000000086800000, 0x0000000086900000, 0x0000000086900000|100%| O|  |TAMS 0x0000000086900000| PB 0x0000000086800000| Untracked 
|  27|0x0000000086900000, 0x0000000086a00000, 0x0000000086a00000|100%| O|  |TAMS 0x0000000086a00000| PB 0x0000000086900000| Untracked 
|  28|0x0000000086a00000, 0x0000000086b00000, 0x0000000086b00000|100%| O|  |TAMS 0x0000000086b00000| PB 0x0000000086a00000| Untracked 
|  29|0x0000000086b00000, 0x0000000086c00000, 0x0000000086c00000|100%| O|  |TAMS 0x0000000086c00000| PB 0x0000000086b00000| Untracked 
|  30|0x0000000086c00000, 0x0000000086d00000, 0x0000000086d00000|100%| O|  |TAMS 0x0000000086d00000| PB 0x0000000086c00000| Untracked 
|  31|0x0000000086d00000, 0x0000000086e00000, 0x0000000086e00000|100%| O|  |TAMS 0x0000000086e00000| PB 0x0000000086d00000| Untracked 
|  32|0x0000000086e00000, 0x0000000086f00000, 0x0000000086f00000|100%| O|  |TAMS 0x0000000086f00000| PB 0x0000000086e00000| Untracked 
|  33|0x0000000086f00000, 0x0000000087000000, 0x0000000087000000|100%| O|  |TAMS 0x0000000087000000| PB 0x0000000086f00000| Untracked 
|  34|0x0000000087000000, 0x0000000087100000, 0x0000000087100000|100%| O|  |TAMS 0x0000000087100000| PB 0x0000000087000000| Untracked 
|  35|0x0000000087100000, 0x0000000087200000, 0x0000000087200000|100%| O|  |TAMS 0x0000000087200000| PB 0x0000000087100000| Untracked 
|  36|0x0000000087200000, 0x0000000087300000, 0x0000000087300000|100%| O|  |TAMS 0x0000000087300000| PB 0x0000000087200000| Untracked 
|  37|0x0000000087300000, 0x0000000087400000, 0x0000000087400000|100%| O|  |TAMS 0x0000000087400000| PB 0x0000000087300000| Untracked 
|  38|0x0000000087400000, 0x0000000087500000, 0x0000000087500000|100%| O|  |TAMS 0x0000000087500000| PB 0x0000000087400000| Untracked 
|  39|0x0000000087500000, 0x0000000087600000, 0x0000000087600000|100%| O|  |TAMS 0x0000000087600000| PB 0x0000000087500000| Untracked 
|  40|0x0000000087600000, 0x0000000087700000, 0x0000000087700000|100%| O|  |TAMS 0x0000000087700000| PB 0x0000000087600000| Untracked 
|  41|0x0000000087700000, 0x0000000087800000, 0x0000000087800000|100%| O|  |TAMS 0x0000000087800000| PB 0x0000000087700000| Untracked 
|  42|0x0000000087800000, 0x0000000087900000, 0x0000000087900000|100%| O|  |TAMS 0x0000000087900000| PB 0x0000000087800000| Untracked 
|  43|0x0000000087900000, 0x0000000087a00000, 0x0000000087a00000|100%| O|  |TAMS 0x0000000087a00000| PB 0x0000000087900000| Untracked 
|  44|0x0000000087a00000, 0x0000000087b00000, 0x0000000087b00000|100%| O|  |TAMS 0x0000000087b00000| PB 0x0000000087a00000| Untracked 
|  45|0x0000000087b00000, 0x0000000087c00000, 0x0000000087c00000|100%| O|  |TAMS 0x0000000087c00000| PB 0x0000000087b00000| Untracked 
|  46|0x0000000087c00000, 0x0000000087d00000, 0x0000000087d00000|100%| O|  |TAMS 0x0000000087d00000| PB 0x0000000087c00000| Untracked 
|  47|0x0000000087d00000, 0x0000000087e00000, 0x0000000087e00000|100%| O|  |TAMS 0x0000000087e00000| PB 0x0000000087d00000| Untracked 
|  48|0x0000000087e00000, 0x0000000087f00000, 0x0000000087f00000|100%| O|  |TAMS 0x0000000087f00000| PB 0x0000000087e00000| Untracked 
|  49|0x0000000087f00000, 0x0000000088000000, 0x0000000088000000|100%| O|  |TAMS 0x0000000088000000| PB 0x0000000087f00000| Untracked 
|  50|0x0000000088000000, 0x0000000088100000, 0x0000000088100000|100%| O|  |TAMS 0x0000000088100000| PB 0x0000000088000000| Untracked 
|  51|0x0000000088100000, 0x0000000088200000, 0x0000000088200000|100%| O|  |TAMS 0x0000000088200000| PB 0x0000000088100000| Untracked 
|  52|0x0000000088200000, 0x0000000088300000, 0x0000000088300000|100%| O|  |TAMS 0x0000000088300000| PB 0x0000000088200000| Untracked 
|  53|0x0000000088300000, 0x0000000088400000, 0x0000000088400000|100%| O|  |TAMS 0x0000000088400000| PB 0x0000000088300000| Untracked 
|  54|0x0000000088400000, 0x0000000088500000, 0x0000000088500000|100%| O|  |TAMS 0x0000000088500000| PB 0x0000000088400000| Untracked 
|  55|0x0000000088500000, 0x0000000088600000, 0x0000000088600000|100%| O|  |TAMS 0x0000000088600000| PB 0x0000000088500000| Untracked 
|  56|0x0000000088600000, 0x0000000088700000, 0x0000000088700000|100%| O|  |TAMS 0x0000000088700000| PB 0x0000000088600000| Untracked 
|  57|0x0000000088700000, 0x0000000088700000, 0x0000000088800000|  0%| F|  |TAMS 0x0000000088700000| PB 0x0000000088700000| Untracked 
|  58|0x0000000088800000, 0x0000000088900000, 0x0000000088900000|100%| O|  |TAMS 0x0000000088900000| PB 0x0000000088800000| Untracked 
|  59|0x0000000088900000, 0x0000000088a00000, 0x0000000088a00000|100%| O|  |TAMS 0x0000000088a00000| PB 0x0000000088900000| Untracked 
|  60|0x0000000088a00000, 0x0000000088b00000, 0x0000000088b00000|100%| O|  |TAMS 0x0000000088b00000| PB 0x0000000088a00000| Untracked 
|  61|0x0000000088b00000, 0x0000000088c00000, 0x0000000088c00000|100%| O|  |TAMS 0x0000000088c00000| PB 0x0000000088b00000| Untracked 
|  62|0x0000000088c00000, 0x0000000088c00000, 0x0000000088d00000|  0%| F|  |TAMS 0x0000000088c00000| PB 0x0000000088c00000| Untracked 
|  63|0x0000000088d00000, 0x0000000088d00000, 0x0000000088e00000|  0%| F|  |TAMS 0x0000000088d00000| PB 0x0000000088d00000| Untracked 
|  64|0x0000000088e00000, 0x0000000088f00000, 0x0000000088f00000|100%| O|  |TAMS 0x0000000088f00000| PB 0x0000000088e00000| Untracked 
|  65|0x0000000088f00000, 0x0000000089000000, 0x0000000089000000|100%| O|  |TAMS 0x0000000089000000| PB 0x0000000088f00000| Untracked 
|  66|0x0000000089000000, 0x0000000089100000, 0x0000000089100000|100%| O|  |TAMS 0x0000000089100000| PB 0x0000000089000000| Untracked 
|  67|0x0000000089100000, 0x0000000089200000, 0x0000000089200000|100%| O|  |TAMS 0x0000000089200000| PB 0x0000000089100000| Untracked 
|  68|0x0000000089200000, 0x0000000089300000, 0x0000000089300000|100%| O|  |TAMS 0x0000000089300000| PB 0x0000000089200000| Untracked 
|  69|0x0000000089300000, 0x0000000089400000, 0x0000000089400000|100%| O|  |TAMS 0x0000000089400000| PB 0x0000000089300000| Untracked 
|  70|0x0000000089400000, 0x0000000089500000, 0x0000000089500000|100%| O|  |TAMS 0x0000000089500000| PB 0x0000000089400000| Untracked 
|  71|0x0000000089500000, 0x0000000089600000, 0x0000000089600000|100%| O|  |TAMS 0x0000000089600000| PB 0x0000000089500000| Untracked 
|  72|0x0000000089600000, 0x0000000089700000, 0x0000000089700000|100%| O|  |TAMS 0x0000000089700000| PB 0x0000000089600000| Untracked 
|  73|0x0000000089700000, 0x0000000089800000, 0x0000000089800000|100%| O|  |TAMS 0x0000000089800000| PB 0x0000000089700000| Untracked 
|  74|0x0000000089800000, 0x0000000089900000, 0x0000000089900000|100%| O|  |TAMS 0x0000000089900000| PB 0x0000000089800000| Untracked 
|  75|0x0000000089900000, 0x0000000089a00000, 0x0000000089a00000|100%| O|  |TAMS 0x0000000089a00000| PB 0x0000000089900000| Untracked 
|  76|0x0000000089a00000, 0x0000000089b00000, 0x0000000089b00000|100%| O|  |TAMS 0x0000000089b00000| PB 0x0000000089a00000| Untracked 
|  77|0x0000000089b00000, 0x0000000089bdc170, 0x0000000089c00000| 85%| O|  |TAMS 0x0000000089bdc170| PB 0x0000000089b00000| Untracked 
|  78|0x0000000089c00000, 0x0000000089c00000, 0x0000000089d00000|  0%| F|  |TAMS 0x0000000089c00000| PB 0x0000000089c00000| Untracked 
|  79|0x0000000089d00000, 0x0000000089d00000, 0x0000000089e00000|  0%| F|  |TAMS 0x0000000089d00000| PB 0x0000000089d00000| Untracked 
|  80|0x0000000089e00000, 0x0000000089f00000, 0x0000000089f00000|100%| O|  |TAMS 0x0000000089f00000| PB 0x0000000089e00000| Untracked 
|  81|0x0000000089f00000, 0x000000008a000000, 0x000000008a000000|100%| O|  |TAMS 0x000000008a000000| PB 0x0000000089f00000| Untracked 
|  82|0x000000008a000000, 0x000000008a100000, 0x000000008a100000|100%| O|  |TAMS 0x000000008a100000| PB 0x000000008a000000| Untracked 
|  83|0x000000008a100000, 0x000000008a179cc0, 0x000000008a200000| 47%| S|CS|TAMS 0x000000008a100000| PB 0x000000008a100000| Complete 
|  84|0x000000008a200000, 0x000000008a300000, 0x000000008a300000|100%| S|CS|TAMS 0x000000008a200000| PB 0x000000008a200000| Complete 
|  85|0x000000008a300000, 0x000000008a400000, 0x000000008a400000|100%| S|CS|TAMS 0x000000008a300000| PB 0x000000008a300000| Complete 
|  86|0x000000008a400000, 0x000000008a500000, 0x000000008a500000|100%| S|CS|TAMS 0x000000008a400000| PB 0x000000008a400000| Complete 
|  87|0x000000008a500000, 0x000000008a600000, 0x000000008a600000|100%| S|CS|TAMS 0x000000008a500000| PB 0x000000008a500000| Complete 
|  88|0x000000008a600000, 0x000000008a600000, 0x000000008a700000|  0%| F|  |TAMS 0x000000008a600000| PB 0x000000008a600000| Untracked 
|  89|0x000000008a700000, 0x000000008a700000, 0x000000008a800000|  0%| F|  |TAMS 0x000000008a700000| PB 0x000000008a700000| Untracked 
|  90|0x000000008a800000, 0x000000008a800000, 0x000000008a900000|  0%| F|  |TAMS 0x000000008a800000| PB 0x000000008a800000| Untracked 
|  91|0x000000008a900000, 0x000000008a900000, 0x000000008aa00000|  0%| F|  |TAMS 0x000000008a900000| PB 0x000000008a900000| Untracked 
|  92|0x000000008aa00000, 0x000000008aa00000, 0x000000008ab00000|  0%| F|  |TAMS 0x000000008aa00000| PB 0x000000008aa00000| Untracked 
|  93|0x000000008ab00000, 0x000000008ab00000, 0x000000008ac00000|  0%| F|  |TAMS 0x000000008ab00000| PB 0x000000008ab00000| Untracked 
|  94|0x000000008ac00000, 0x000000008ac00000, 0x000000008ad00000|  0%| F|  |TAMS 0x000000008ac00000| PB 0x000000008ac00000| Untracked 
|  95|0x000000008ad00000, 0x000000008ad00000, 0x000000008ae00000|  0%| F|  |TAMS 0x000000008ad00000| PB 0x000000008ad00000| Untracked 
|  96|0x000000008ae00000, 0x000000008ae00000, 0x000000008af00000|  0%| F|  |TAMS 0x000000008ae00000| PB 0x000000008ae00000| Untracked 
|  97|0x000000008af00000, 0x000000008af00000, 0x000000008b000000|  0%| F|  |TAMS 0x000000008af00000| PB 0x000000008af00000| Untracked 
|  98|0x000000008b000000, 0x000000008b000000, 0x000000008b100000|  0%| F|  |TAMS 0x000000008b000000| PB 0x000000008b000000| Untracked 
|  99|0x000000008b100000, 0x000000008b100000, 0x000000008b200000|  0%| F|  |TAMS 0x000000008b100000| PB 0x000000008b100000| Untracked 
| 100|0x000000008b200000, 0x000000008b200000, 0x000000008b300000|  0%| F|  |TAMS 0x000000008b200000| PB 0x000000008b200000| Untracked 
| 101|0x000000008b300000, 0x000000008b300000, 0x000000008b400000|  0%| F|  |TAMS 0x000000008b300000| PB 0x000000008b300000| Untracked 
| 102|0x000000008b400000, 0x000000008b400000, 0x000000008b500000|  0%| F|  |TAMS 0x000000008b400000| PB 0x000000008b400000| Untracked 
| 103|0x000000008b500000, 0x000000008b500000, 0x000000008b600000|  0%| F|  |TAMS 0x000000008b500000| PB 0x000000008b500000| Untracked 
| 104|0x000000008b600000, 0x000000008b600000, 0x000000008b700000|  0%| F|  |TAMS 0x000000008b600000| PB 0x000000008b600000| Untracked 
| 105|0x000000008b700000, 0x000000008b700000, 0x000000008b800000|  0%| F|  |TAMS 0x000000008b700000| PB 0x000000008b700000| Untracked 
| 106|0x000000008b800000, 0x000000008b800000, 0x000000008b900000|  0%| F|  |TAMS 0x000000008b800000| PB 0x000000008b800000| Untracked 
| 107|0x000000008b900000, 0x000000008b900000, 0x000000008ba00000|  0%| F|  |TAMS 0x000000008b900000| PB 0x000000008b900000| Untracked 
| 108|0x000000008ba00000, 0x000000008ba00000, 0x000000008bb00000|  0%| F|  |TAMS 0x000000008ba00000| PB 0x000000008ba00000| Untracked 
| 109|0x000000008bb00000, 0x000000008bb00000, 0x000000008bc00000|  0%| F|  |TAMS 0x000000008bb00000| PB 0x000000008bb00000| Untracked 
| 110|0x000000008bc00000, 0x000000008bc00000, 0x000000008bd00000|  0%| F|  |TAMS 0x000000008bc00000| PB 0x000000008bc00000| Untracked 
| 111|0x000000008bd00000, 0x000000008bd00000, 0x000000008be00000|  0%| F|  |TAMS 0x000000008bd00000| PB 0x000000008bd00000| Untracked 
| 112|0x000000008be00000, 0x000000008be00000, 0x000000008bf00000|  0%| F|  |TAMS 0x000000008be00000| PB 0x000000008be00000| Untracked 
| 113|0x000000008bf00000, 0x000000008bf00000, 0x000000008c000000|  0%| F|  |TAMS 0x000000008bf00000| PB 0x000000008bf00000| Untracked 
| 114|0x000000008c000000, 0x000000008c000000, 0x000000008c100000|  0%| F|  |TAMS 0x000000008c000000| PB 0x000000008c000000| Untracked 
| 115|0x000000008c100000, 0x000000008c100000, 0x000000008c200000|  0%| F|  |TAMS 0x000000008c100000| PB 0x000000008c100000| Untracked 
| 116|0x000000008c200000, 0x000000008c200000, 0x000000008c300000|  0%| F|  |TAMS 0x000000008c200000| PB 0x000000008c200000| Untracked 
| 117|0x000000008c300000, 0x000000008c300000, 0x000000008c400000|  0%| F|  |TAMS 0x000000008c300000| PB 0x000000008c300000| Untracked 
| 118|0x000000008c400000, 0x000000008c400000, 0x000000008c500000|  0%| F|  |TAMS 0x000000008c400000| PB 0x000000008c400000| Untracked 
| 119|0x000000008c500000, 0x000000008c500000, 0x000000008c600000|  0%| F|  |TAMS 0x000000008c500000| PB 0x000000008c500000| Untracked 
| 120|0x000000008c600000, 0x000000008c600000, 0x000000008c700000|  0%| F|  |TAMS 0x000000008c600000| PB 0x000000008c600000| Untracked 
| 121|0x000000008c700000, 0x000000008c700000, 0x000000008c800000|  0%| F|  |TAMS 0x000000008c700000| PB 0x000000008c700000| Untracked 
| 122|0x000000008c800000, 0x000000008c800000, 0x000000008c900000|  0%| F|  |TAMS 0x000000008c800000| PB 0x000000008c800000| Untracked 
| 123|0x000000008c900000, 0x000000008c900000, 0x000000008ca00000|  0%| F|  |TAMS 0x000000008c900000| PB 0x000000008c900000| Untracked 
| 124|0x000000008ca00000, 0x000000008ca00000, 0x000000008cb00000|  0%| F|  |TAMS 0x000000008ca00000| PB 0x000000008ca00000| Untracked 
| 125|0x000000008cb00000, 0x000000008cb00000, 0x000000008cc00000|  0%| F|  |TAMS 0x000000008cb00000| PB 0x000000008cb00000| Untracked 
| 126|0x000000008cc00000, 0x000000008cc00000, 0x000000008cd00000|  0%| F|  |TAMS 0x000000008cc00000| PB 0x000000008cc00000| Untracked 
| 127|0x000000008cd00000, 0x000000008cd00000, 0x000000008ce00000|  0%| F|  |TAMS 0x000000008cd00000| PB 0x000000008cd00000| Untracked 
| 128|0x000000008ce00000, 0x000000008ce00000, 0x000000008cf00000|  0%| F|  |TAMS 0x000000008ce00000| PB 0x000000008ce00000| Untracked 
| 129|0x000000008cf00000, 0x000000008cf00000, 0x000000008d000000|  0%| F|  |TAMS 0x000000008cf00000| PB 0x000000008cf00000| Untracked 
| 130|0x000000008d000000, 0x000000008d000000, 0x000000008d100000|  0%| F|  |TAMS 0x000000008d000000| PB 0x000000008d000000| Untracked 
| 131|0x000000008d100000, 0x000000008d100000, 0x000000008d200000|  0%| F|  |TAMS 0x000000008d100000| PB 0x000000008d100000| Untracked 

Card table byte_map: [0x0000025cb7660000,0x0000025cb7a40000] _byte_map_base: 0x0000025cb7239000

Marking Bits: (CMBitMap*) 0x0000025ca4c3c300
 Bits: [0x0000025cb7a40000, 0x0000025cb9908000)

Polling page: 0x0000025ca2b80000

Metaspace:

Usage:
  Non-class:     76.57 MB used.
      Class:      9.08 MB used.
       Both:     85.65 MB used.

Virtual space:
  Non-class space:      128.00 MB reserved,      77.00 MB ( 60%) committed,  2 nodes.
      Class space:        1.00 GB reserved,       9.44 MB ( <1%) committed,  1 nodes.
             Both:        1.12 GB reserved,      86.44 MB (  8%) committed. 

Chunk freelists:
   Non-Class:  2.91 MB
       Class:  6.44 MB
        Both:  9.34 MB

MaxMetaspaceSize: unlimited
CompressedClassSpaceSize: 1.00 GB
Initial GC threshold: 21.00 MB
Current GC threshold: 134.62 MB
CDS: off
 - commit_granule_bytes: 65536.
 - commit_granule_words: 8192.
 - virtual_space_node_default_size: 8388608.
 - enlarge_chunks_in_place: 1.
 - use_allocation_guard: 0.


Internal statistics:

num_allocs_failed_limit: 6.
num_arena_births: 1336.
num_arena_deaths: 0.
num_vsnodes_births: 3.
num_vsnodes_deaths: 0.
num_space_committed: 1381.
num_space_uncommitted: 0.
num_chunks_returned_to_freelist: 6.
num_chunks_taken_from_freelist: 4344.
num_chunk_merges: 6.
num_chunk_splits: 3356.
num_chunks_enlarged: 2671.
num_inconsistent_stats: 0.

CodeHeap 'non-profiled nmethods': size=120000Kb used=8426Kb max_used=8426Kb free=111573Kb
 bounds [0x0000025caf800000, 0x0000025cb0040000, 0x0000025cb6d30000]
CodeHeap 'profiled nmethods': size=120000Kb used=41427Kb max_used=41427Kb free=78573Kb
 bounds [0x0000025ca7d30000, 0x0000025caa5b0000, 0x0000025caf260000]
CodeHeap 'non-nmethods': size=5760Kb used=1759Kb max_used=1817Kb free=4000Kb
 bounds [0x0000025caf260000, 0x0000025caf4d0000, 0x0000025caf800000]
 total_blobs=14465 nmethods=13692 adapters=674
 compilation: enabled
              stopped_count=0, restarted_count=0
 full_count=0

Compilation events (20 events):
Event: 17.733 Thread 0x0000025cbc77e320 nmethod 16000 0x0000025cb0038590 code [0x0000025cb00387c0, 0x0000025cb0038ec8]
Event: 17.733 Thread 0x0000025cbc77e320 16001       4       org.jetbrains.kotlin.load.java.BuiltinMethodsWithSpecialGenericSignature::getSpecialSignatureInfo (67 bytes)
Event: 17.734 Thread 0x0000025cbc768590 nmethod 16039 0x0000025caa59f390 code [0x0000025caa59f7c0, 0x0000025caa5a1748]
Event: 17.734 Thread 0x0000025cbc768590 16040       3       org.jetbrains.kotlin.backend.jvm.ir.JvmIrCoroutineUtilsKt::isStaticInlineClassReplacementForDefaultInterfaceMethod (52 bytes)
Event: 17.735 Thread 0x0000025cbc768590 nmethod 16040 0x0000025caa5a1f90 code [0x0000025caa5a2260, 0x0000025caa5a3110]
Event: 17.735 Thread 0x0000025cbc768590 16041       3       org.jetbrains.kotlin.backend.jvm.ir.JvmIrCoroutineUtilsKt::isInvokeOfSuspendCallableReference (144 bytes)
Event: 17.736 Thread 0x0000025cbc768590 nmethod 16041 0x0000025caa5a3590 code [0x0000025caa5a39a0, 0x0000025caa5a5628]
Event: 17.736 Thread 0x0000025cbc768590 16033       3       org.jetbrains.kotlin.codegen.optimization.temporaryVals.TemporaryValsAnalyzer$StoreTrackingInterpreter::store (39 bytes)
Event: 17.737 Thread 0x0000025cbc768590 nmethod 16033 0x0000025caa5a5d90 code [0x0000025caa5a5fe0, 0x0000025caa5a67b8]
Event: 17.737 Thread 0x0000025cbc768590 16038       3       org.jetbrains.kotlin.ir.declarations.lazy.IrLazyClass::getAnnotations (19 bytes)
Event: 17.737 Thread 0x0000025cbc768590 nmethod 16038 0x0000025caa5a6a90 code [0x0000025caa5a6c40, 0x0000025caa5a6f20]
Event: 17.737 Thread 0x0000025cbc768590 16032       3       org.jetbrains.kotlin.codegen.optimization.temporaryVals.TemporaryValsAnalyzer$StoredValue::<init> (5 bytes)
Event: 17.738 Thread 0x0000025cbc768590 nmethod 16032 0x0000025caa5a7010 code [0x0000025caa5a71c0, 0x0000025caa5a7388]
Event: 17.738 Thread 0x0000025cbc768590 16042       1       org.jetbrains.kotlin.backend.jvm.codegen.ClassCodegen::getType (5 bytes)
Event: 17.738 Thread 0x0000025cbc768590 nmethod 16042 0x0000025cb0039110 code [0x0000025cb00392a0, 0x0000025cb0039368]
Event: 17.738 Thread 0x0000025cbc768590 16043       3       org.jetbrains.kotlin.backend.jvm.codegen.ExpressionCodegen::visitFieldAccess (10 bytes)
Event: 17.739 Thread 0x0000025cbc768590 nmethod 16043 0x0000025caa5a7490 code [0x0000025caa5a7640, 0x0000025caa5a7858]
Event: 17.739 Thread 0x0000025cbc768590 16044       3       org.jetbrains.kotlin.backend.jvm.codegen.ExpressionCodegen::visitFieldAccess (548 bytes)
Event: 17.745 Thread 0x0000025cbc77e320 nmethod 16001 0x0000025cb0039410 code [0x0000025cb00396e0, 0x0000025cb003a3e8]
Event: 17.745 Thread 0x0000025cbc77e320 16047       4       org.jetbrains.org.objectweb.asm.tree.AbstractInsnNode::<init> (15 bytes)

GC Heap History (20 events):
Event: 9.013 GC heap after
{Heap after GC invocations=25 (full 0):
 garbage-first heap   total 99328K, used 56053K [0x0000000084e00000, 0x0000000100000000)
  region size 1024K, 5 young (5120K), 5 survivors (5120K)
 Metaspace       used 58985K, committed 59712K, reserved 1114112K
  class space    used 6682K, committed 7040K, reserved 1048576K
}
Event: 10.324 GC heap before
{Heap before GC invocations=25 (full 0):
 garbage-first heap   total 99328K, used 86773K [0x0000000084e00000, 0x0000000100000000)
  region size 1024K, 35 young (35840K), 5 survivors (5120K)
 Metaspace       used 61874K, committed 62656K, reserved 1114112K
  class space    used 6964K, committed 7360K, reserved 1048576K
}
Event: 10.344 GC heap after
{Heap after GC invocations=26 (full 0):
 garbage-first heap   total 99328K, used 59666K [0x0000000084e00000, 0x0000000100000000)
  region size 1024K, 4 young (4096K), 4 survivors (4096K)
 Metaspace       used 61874K, committed 62656K, reserved 1114112K
  class space    used 6964K, committed 7360K, reserved 1048576K
}
Event: 11.489 GC heap before
{Heap before GC invocations=27 (full 0):
 garbage-first heap   total 101376K, used 87314K [0x0000000084e00000, 0x0000000100000000)
  region size 1024K, 31 young (31744K), 4 survivors (4096K)
 Metaspace       used 63958K, committed 64704K, reserved 1114112K
  class space    used 7232K, committed 7616K, reserved 1048576K
}
Event: 11.508 GC heap after
{Heap after GC invocations=28 (full 0):
 garbage-first heap   total 101376K, used 63633K [0x0000000084e00000, 0x0000000100000000)
  region size 1024K, 4 young (4096K), 4 survivors (4096K)
 Metaspace       used 63958K, committed 64704K, reserved 1114112K
  class space    used 7232K, committed 7616K, reserved 1048576K
}
Event: 12.433 GC heap before
{Heap before GC invocations=28 (full 0):
 garbage-first heap   total 101376K, used 90257K [0x0000000084e00000, 0x0000000100000000)
  region size 1024K, 30 young (30720K), 4 survivors (4096K)
 Metaspace       used 64441K, committed 65152K, reserved 1114112K
  class space    used 7252K, committed 7616K, reserved 1048576K
}
Event: 12.454 GC heap after
{Heap after GC invocations=29 (full 0):
 garbage-first heap   total 101376K, used 65908K [0x0000000084e00000, 0x0000000100000000)
  region size 1024K, 3 young (3072K), 3 survivors (3072K)
 Metaspace       used 64441K, committed 65152K, reserved 1114112K
  class space    used 7252K, committed 7616K, reserved 1048576K
}
Event: 13.178 GC heap before
{Heap before GC invocations=29 (full 0):
 garbage-first heap   total 101376K, used 91508K [0x0000000084e00000, 0x0000000100000000)
  region size 1024K, 28 young (28672K), 3 survivors (3072K)
 Metaspace       used 67021K, committed 67776K, reserved 1114112K
  class space    used 7502K, committed 7872K, reserved 1048576K
}
Event: 13.190 GC heap after
{Heap after GC invocations=30 (full 0):
 garbage-first heap   total 121856K, used 67810K [0x0000000084e00000, 0x0000000100000000)
  region size 1024K, 2 young (2048K), 2 survivors (2048K)
 Metaspace       used 67021K, committed 67776K, reserved 1114112K
  class space    used 7502K, committed 7872K, reserved 1048576K
}
Event: 14.185 GC heap before
{Heap before GC invocations=31 (full 0):
 garbage-first heap   total 121856K, used 109794K [0x0000000084e00000, 0x0000000100000000)
  region size 1024K, 43 young (44032K), 2 survivors (2048K)
 Metaspace       used 71493K, committed 72320K, reserved 1114112K
  class space    used 7905K, committed 8320K, reserved 1048576K
}
Event: 14.203 GC heap after
{Heap after GC invocations=32 (full 0):
 garbage-first heap   total 121856K, used 72601K [0x0000000084e00000, 0x0000000100000000)
  region size 1024K, 6 young (6144K), 6 survivors (6144K)
 Metaspace       used 71493K, committed 72320K, reserved 1114112K
  class space    used 7905K, committed 8320K, reserved 1048576K
}
Event: 15.145 GC heap before
{Heap before GC invocations=32 (full 0):
 garbage-first heap   total 121856K, used 108441K [0x0000000084e00000, 0x0000000100000000)
  region size 1024K, 41 young (41984K), 6 survivors (6144K)
 Metaspace       used 78123K, committed 78912K, reserved 1179648K
  class space    used 8543K, committed 8960K, reserved 1048576K
}
Event: 15.173 GC heap after
{Heap after GC invocations=33 (full 0):
 garbage-first heap   total 121856K, used 76158K [0x0000000084e00000, 0x0000000100000000)
  region size 1024K, 4 young (4096K), 4 survivors (4096K)
 Metaspace       used 78123K, committed 78912K, reserved 1179648K
  class space    used 8543K, committed 8960K, reserved 1048576K
}
Event: 15.796 GC heap before
{Heap before GC invocations=33 (full 0):
 garbage-first heap   total 121856K, used 109950K [0x0000000084e00000, 0x0000000100000000)
  region size 1024K, 37 young (37888K), 4 survivors (4096K)
 Metaspace       used 81876K, committed 82688K, reserved 1179648K
  class space    used 8881K, committed 9280K, reserved 1048576K
}
Event: 15.812 GC heap after
{Heap after GC invocations=34 (full 0):
 garbage-first heap   total 121856K, used 80664K [0x0000000084e00000, 0x0000000100000000)
  region size 1024K, 5 young (5120K), 5 survivors (5120K)
 Metaspace       used 81876K, committed 82688K, reserved 1179648K
  class space    used 8881K, committed 9280K, reserved 1048576K
}
Event: 16.166 GC heap before
{Heap before GC invocations=35 (full 0):
 garbage-first heap   total 135168K, used 108312K [0x0000000084e00000, 0x0000000100000000)
  region size 1024K, 32 young (32768K), 5 survivors (5120K)
 Metaspace       used 82212K, committed 83008K, reserved 1179648K
  class space    used 8885K, committed 9280K, reserved 1048576K
}
Event: 16.175 GC heap after
{Heap after GC invocations=36 (full 0):
 garbage-first heap   total 135168K, used 82039K [0x0000000084e00000, 0x0000000100000000)
  region size 1024K, 1 young (1024K), 1 survivors (1024K)
 Metaspace       used 82212K, committed 83008K, reserved 1179648K
  class space    used 8885K, committed 9280K, reserved 1048576K
}
Event: 16.882 GC heap before
{Heap before GC invocations=36 (full 0):
 garbage-first heap   total 135168K, used 122999K [0x0000000084e00000, 0x0000000100000000)
  region size 1024K, 41 young (41984K), 1 survivors (1024K)
 Metaspace       used 85347K, committed 86080K, reserved 1179648K
  class space    used 9150K, committed 9536K, reserved 1048576K
}
Event: 16.891 GC heap after
{Heap after GC invocations=37 (full 0):
 garbage-first heap   total 135168K, used 81760K [0x0000000084e00000, 0x0000000100000000)
  region size 1024K, 2 young (2048K), 2 survivors (2048K)
 Metaspace       used 85347K, committed 86080K, reserved 1179648K
  class space    used 9150K, committed 9536K, reserved 1048576K
}
Event: 17.746 GC heap before
{Heap before GC invocations=37 (full 0):
 garbage-first heap   total 135168K, used 124768K [0x0000000084e00000, 0x0000000100000000)
  region size 1024K, 44 young (45056K), 2 survivors (2048K)
 Metaspace       used 87709K, committed 88512K, reserved 1179648K
  class space    used 9299K, committed 9664K, reserved 1048576K
}

Dll operation events (3 events):
Event: 0.010 Loaded shared library C:\Program Files\Android\Android Studio\jbr\bin\java.dll
Event: 0.017 Loaded shared library C:\Program Files\Android\Android Studio\jbr\bin\zip.dll
Event: 1.099 Loaded shared library C:\Program Files\Android\Android Studio\jbr\bin\verify.dll

Deoptimization events (20 events):
Event: 17.577 Thread 0x0000025ca28daef0 Uncommon trap: trap_request=0xffffff45 fr.pc=0x0000025cafdb0d9c relative=0x00000000000009dc
Event: 17.577 Thread 0x0000025ca28daef0 Uncommon trap: reason=unstable_if action=reinterpret pc=0x0000025cafdb0d9c method=org.jetbrains.org.objectweb.asm.tree.analysis.Frame.execute(Lorg/jetbrains/org/objectweb/asm/tree/AbstractInsnNode;Lorg/jetbrains/org/objectweb/asm/tree/analysis/Interpreter
Event: 17.577 Thread 0x0000025ca28daef0 DEOPT PACKING pc=0x0000025cafdb0d9c sp=0x000000d0d5ffd7d0
Event: 17.577 Thread 0x0000025ca28daef0 DEOPT UNPACKING pc=0x0000025caf2b46a2 sp=0x000000d0d5ffd750 mode 2
Event: 17.616 Thread 0x0000025ca28daef0 Uncommon trap: trap_request=0xffffffc6 fr.pc=0x0000025cb0010f10 relative=0x0000000000004bd0
Event: 17.616 Thread 0x0000025ca28daef0 Uncommon trap: reason=bimorphic_or_optimized_type_check action=maybe_recompile pc=0x0000025cb0010f10 method=org.jetbrains.kotlin.backend.jvm.mapping.IrTypeMapper.writeGenericType(Lorg/jetbrains/kotlin/codegen/signature/JvmSignatureWriter;Lorg/jetbrains/ko
Event: 17.616 Thread 0x0000025ca28daef0 DEOPT PACKING pc=0x0000025cb0010f10 sp=0x000000d0d5ffd4b0
Event: 17.616 Thread 0x0000025ca28daef0 DEOPT UNPACKING pc=0x0000025caf2b46a2 sp=0x000000d0d5ffd338 mode 2
Event: 17.619 Thread 0x0000025ca28daef0 Uncommon trap: trap_request=0xffffffc6 fr.pc=0x0000025cb0010f10 relative=0x0000000000004bd0
Event: 17.619 Thread 0x0000025ca28daef0 Uncommon trap: reason=bimorphic_or_optimized_type_check action=maybe_recompile pc=0x0000025cb0010f10 method=org.jetbrains.kotlin.backend.jvm.mapping.IrTypeMapper.writeGenericType(Lorg/jetbrains/kotlin/codegen/signature/JvmSignatureWriter;Lorg/jetbrains/ko
Event: 17.619 Thread 0x0000025ca28daef0 DEOPT PACKING pc=0x0000025cb0010f10 sp=0x000000d0d5ffdb20
Event: 17.619 Thread 0x0000025ca28daef0 DEOPT UNPACKING pc=0x0000025caf2b46a2 sp=0x000000d0d5ffd9a8 mode 2
Event: 17.738 Thread 0x0000025ca28daef0 Uncommon trap: trap_request=0xffffffde fr.pc=0x0000025cafb45fb8 relative=0x0000000000000cf8
Event: 17.738 Thread 0x0000025ca28daef0 Uncommon trap: reason=class_check action=maybe_recompile pc=0x0000025cafb45fb8 method=org.jetbrains.kotlin.ir.types.IrTypeSystemContext$DefaultImpls.getNameForClassUnderKotlinPackage(Lorg/jetbrains/kotlin/ir/types/IrTypeSystemContext;Lorg/jetbrains/kotlin
Event: 17.738 Thread 0x0000025ca28daef0 DEOPT PACKING pc=0x0000025cafb45fb8 sp=0x000000d0d5ffcb40
Event: 17.738 Thread 0x0000025ca28daef0 DEOPT UNPACKING pc=0x0000025caf2b46a2 sp=0x000000d0d5ffca00 mode 2
Event: 17.738 Thread 0x0000025ca28daef0 Uncommon trap: trap_request=0xffffffde fr.pc=0x0000025cb002464c relative=0x000000000000586c
Event: 17.738 Thread 0x0000025ca28daef0 Uncommon trap: reason=class_check action=maybe_recompile pc=0x0000025cb002464c method=org.jetbrains.kotlin.ir.types.IrTypeSystemContext$DefaultImpls.getNameForClassUnderKotlinPackage(Lorg/jetbrains/kotlin/ir/types/IrTypeSystemContext;Lorg/jetbrains/kotlin
Event: 17.738 Thread 0x0000025ca28daef0 DEOPT PACKING pc=0x0000025cb002464c sp=0x000000d0d5ffcba0
Event: 17.738 Thread 0x0000025ca28daef0 DEOPT UNPACKING pc=0x0000025caf2b46a2 sp=0x000000d0d5ffc990 mode 2

Classes loaded (20 events):
Event: 13.114 Loading class java/text/FieldPosition
Event: 13.115 Loading class java/text/FieldPosition done
Event: 13.115 Loading class java/util/Date
Event: 13.115 Loading class java/util/Date done
Event: 13.115 Loading class java/text/MessageFormat$Field
Event: 13.115 Loading class java/text/Format$Field
Event: 13.115 Loading class java/text/AttributedCharacterIterator$Attribute
Event: 13.115 Loading class java/text/AttributedCharacterIterator$Attribute done
Event: 13.115 Loading class java/text/Format$Field done
Event: 13.115 Loading class java/text/MessageFormat$Field done
Event: 14.804 Loading class jdk/internal/math/FloatToDecimal
Event: 14.805 Loading class jdk/internal/math/FloatToDecimal done
Event: 14.805 Loading class jdk/internal/math/MathUtils
Event: 14.805 Loading class jdk/internal/math/MathUtils done
Event: 16.704 Loading class java/lang/TypeNotPresentException
Event: 16.704 Loading class java/lang/TypeNotPresentException done
Event: 16.902 Loading class java/util/Vector$Itr
Event: 16.902 Loading class java/util/Vector$Itr done
Event: 17.070 Loading class java/util/regex/Pattern$Dollar
Event: 17.070 Loading class java/util/regex/Pattern$Dollar done

Classes unloaded (0 events):
No events

Classes redefined (0 events):
No events

Internal exceptions (20 events):
Event: 9.805 Thread 0x0000025ca28daef0 Exception <a 'java/lang/NoSuchMethodError'{0x0000000089cf3ed0}: 'void java.lang.invoke.DirectMethodHandle$Holder.invokeInterface(java.lang.Object, java.lang.Object)'> (0x0000000089cf3ed0) 
thrown [s\src\hotspot\share\interpreter\linkResolver.cpp, line 784]
Event: 9.836 Thread 0x0000025ca28daef0 Exception <a 'java/lang/NoSuchMethodError'{0x0000000089bcd040}: 'java.lang.Object java.lang.invoke.DirectMethodHandle$Holder.newInvokeSpecial(java.lang.Object, java.lang.Object, java.lang.Object, java.lang.Object, int)'> (0x0000000089bcd040) 
thrown [s\src\hotspot\share\interpreter\linkResolver.cpp, line 784]
Event: 9.836 Thread 0x0000025ca28daef0 Exception <a 'java/lang/NoSuchMethodError'{0x0000000089bd1db0}: 'java.lang.Object java.lang.invoke.DirectMethodHandle$Holder.invokeSpecial(java.lang.Object, java.lang.Object, java.lang.Object, java.lang.Object, java.lang.Object, int)'> (0x0000000089bd1db0) 
thrown [s\src\hotspot\share\interpreter\linkResolver.cpp, line 784]
Event: 9.836 Thread 0x0000025ca28daef0 Exception <a 'java/lang/NoSuchMethodError'{0x0000000089bd65a0}: 'java.lang.Object java.lang.invoke.Invokers$Holder.linkToTargetMethod(java.lang.Object, java.lang.Object, java.lang.Object, int, java.lang.Object)'> (0x0000000089bd65a0) 
thrown [s\src\hotspot\share\interpreter\linkResolver.cpp, line 784]
Event: 10.834 Thread 0x0000025ca28daef0 Exception <a 'java/lang/NoSuchMethodError'{0x000000008a73cd28}: 'void java.lang.invoke.DirectMethodHandle$Holder.invokeSpecial(java.lang.Object, java.lang.Object, int, java.lang.Object)'> (0x000000008a73cd28) 
thrown [s\src\hotspot\share\interpreter\linkResolver.cpp, line 784]
Event: 10.943 Thread 0x0000025ca28daef0 Exception <a 'java/lang/IncompatibleClassChangeError'{0x000000008a449e70}: Found class java.lang.Object, but interface was expected> (0x000000008a449e70) 
thrown [s\src\hotspot\share\interpreter\linkResolver.cpp, line 851]
Event: 12.674 Thread 0x0000025ca28daef0 Implicit null exception at 0x0000025cafa8821a to 0x0000025cafa8844c
Event: 13.014 Thread 0x0000025ca28daef0 Implicit null exception at 0x0000025cafdf4641 to 0x0000025cafdf47bc
Event: 13.047 Thread 0x0000025ca28daef0 Exception <a 'java/lang/NoSuchMethodError'{0x0000000089ef2830}: 'int java.lang.invoke.Invokers$Holder.invokeExact_MT(java.lang.Object, java.lang.Object, java.lang.Object)'> (0x0000000089ef2830) 
thrown [s\src\hotspot\share\interpreter\linkResolver.cpp, line 784]
Event: 13.048 Thread 0x0000025ca28daef0 Exception <a 'java/lang/NoSuchMethodError'{0x0000000089ef6f48}: 'void java.lang.invoke.Invokers$Holder.invokeExact_MT(java.lang.Object, java.lang.Object, java.lang.Object, java.lang.Object)'> (0x0000000089ef6f48) 
thrown [s\src\hotspot\share\interpreter\linkResolver.cpp, line 784]
Event: 13.066 Thread 0x0000025ca28daef0 Implicit null exception at 0x0000025cafd4b263 to 0x0000025cafd4b7cc
Event: 13.068 Thread 0x0000025ca28daef0 Implicit null exception at 0x0000025cafd523e3 to 0x0000025cafd52800
Event: 13.081 Thread 0x0000025ca28daef0 Exception <a 'java/lang/NoSuchMethodError'{0x0000000089c26b88}: 'java.lang.Object java.lang.invoke.DirectMethodHandle$Holder.invokeStaticInit(java.lang.Object, java.lang.Object, java.lang.Object, java.lang.Object)'> (0x0000000089c26b88) 
thrown [s\src\hotspot\share\interpreter\linkResolver.cpp, line 784]
Event: 13.304 Thread 0x0000025ca28daef0 Implicit null exception at 0x0000025cafad9bc1 to 0x0000025cafad9d24
Event: 13.391 Thread 0x0000025ca28daef0 Exception <a 'java/lang/NoSuchMethodError'{0x000000008ba08000}: 'java.lang.Object java.lang.invoke.DirectMethodHandle$Holder.newInvokeSpecial(java.lang.Object, java.lang.Object, java.lang.Object, int, int)'> (0x000000008ba08000) 
thrown [s\src\hotspot\share\interpreter\linkResolver.cpp, line 784]
Event: 13.391 Thread 0x0000025ca28daef0 Exception <a 'java/lang/NoSuchMethodError'{0x000000008ba0bbe0}: 'java.lang.Object java.lang.invoke.DirectMethodHandle$Holder.invokeSpecial(java.lang.Object, java.lang.Object, java.lang.Object, java.lang.Object, int, int)'> (0x000000008ba0bbe0) 
thrown [s\src\hotspot\share\interpreter\linkResolver.cpp, line 784]
Event: 13.429 Thread 0x0000025ca28daef0 Exception <a 'java/lang/NoSuchMethodError'{0x000000008b9559e0}: 'java.lang.Object java.lang.invoke.Invokers$Holder.linkToTargetMethod(java.lang.Object, java.lang.Object, int, int, java.lang.Object, java.lang.Object, java.lang.Object, java.lang.Object, java.lang.Object)'> (0x000000008b9559e0) 
thrown [s\src\hotspot\share\interpreter\linkResolver.cpp, line 784]
Event: 13.883 Thread 0x0000025ca28daef0 Exception <a 'java/lang/NoSuchMethodError'{0x000000008a93b340}: 'java.lang.Object java.lang.invoke.DirectMethodHandle$Holder.newInvokeSpecial(java.lang.Object, int, java.lang.Object, java.lang.Object)'> (0x000000008a93b340) 
thrown [s\src\hotspot\share\interpreter\linkResolver.cpp, line 784]
Event: 14.084 Thread 0x0000025ca28daef0 Implicit null exception at 0x0000025caf9da021 to 0x0000025caf9da2ac
Event: 16.623 Thread 0x0000025ca28daef0 Implicit null exception at 0x0000025cafd209af to 0x0000025cafd20df0

ZGC Phase Switch (0 events):
No events

VM Operations (20 events):
Event: 16.736 Executing VM operation: HandshakeAllThreads (Deoptimize) done
Event: 16.748 Executing VM operation: HandshakeAllThreads (Deoptimize)
Event: 16.748 Executing VM operation: HandshakeAllThreads (Deoptimize) done
Event: 16.881 Executing VM operation: G1CollectForAllocation (G1 Evacuation Pause)
Event: 16.891 Executing VM operation: G1CollectForAllocation (G1 Evacuation Pause) done
Event: 16.985 Executing VM operation: HandshakeAllThreads (Deoptimize)
Event: 16.985 Executing VM operation: HandshakeAllThreads (Deoptimize) done
Event: 17.011 Executing VM operation: HandshakeAllThreads (Deoptimize)
Event: 17.011 Executing VM operation: HandshakeAllThreads (Deoptimize) done
Event: 17.041 Executing VM operation: ICBufferFull
Event: 17.042 Executing VM operation: ICBufferFull done
Event: 17.190 Executing VM operation: ICBufferFull
Event: 17.191 Executing VM operation: ICBufferFull done
Event: 17.349 Executing VM operation: ICBufferFull
Event: 17.349 Executing VM operation: ICBufferFull done
Event: 17.520 Executing VM operation: ICBufferFull
Event: 17.520 Executing VM operation: ICBufferFull done
Event: 17.538 Executing VM operation: HandshakeAllThreads (Deoptimize)
Event: 17.538 Executing VM operation: HandshakeAllThreads (Deoptimize) done
Event: 17.746 Executing VM operation: G1CollectForAllocation (G1 Evacuation Pause)

Memory protections (0 events):
No events

Nmethod flushes (20 events):
Event: 15.902 Thread 0x0000025cbc5a60b0 flushing  nmethod 0x0000025ca97f1e10
Event: 15.902 Thread 0x0000025cbc5a60b0 flushing  nmethod 0x0000025ca97ff890
Event: 15.902 Thread 0x0000025cbc5a60b0 flushing  nmethod 0x0000025ca9800090
Event: 15.902 Thread 0x0000025cbc5a60b0 flushing  nmethod 0x0000025ca98e4a10
Event: 15.902 Thread 0x0000025cbc5a60b0 flushing  nmethod 0x0000025ca98e4f10
Event: 15.902 Thread 0x0000025cbc5a60b0 flushing  nmethod 0x0000025ca98f3a90
Event: 15.902 Thread 0x0000025cbc5a60b0 flushing  nmethod 0x0000025ca9949890
Event: 15.902 Thread 0x0000025cbc5a60b0 flushing  nmethod 0x0000025ca996a190
Event: 15.902 Thread 0x0000025cbc5a60b0 flushing  nmethod 0x0000025ca997fe10
Event: 15.902 Thread 0x0000025cbc5a60b0 flushing  nmethod 0x0000025ca9982690
Event: 15.902 Thread 0x0000025cbc5a60b0 flushing  nmethod 0x0000025ca998d690
Event: 15.902 Thread 0x0000025cbc5a60b0 flushing  nmethod 0x0000025ca999fb10
Event: 15.902 Thread 0x0000025cbc5a60b0 flushing  nmethod 0x0000025ca99bf790
Event: 15.902 Thread 0x0000025cbc5a60b0 flushing  nmethod 0x0000025ca99c9c10
Event: 15.902 Thread 0x0000025cbc5a60b0 flushing  nmethod 0x0000025ca99dcb10
Event: 15.902 Thread 0x0000025cbc5a60b0 flushing  nmethod 0x0000025ca99eb890
Event: 15.902 Thread 0x0000025cbc5a60b0 flushing  nmethod 0x0000025ca9a98910
Event: 15.902 Thread 0x0000025cbc5a60b0 flushing  nmethod 0x0000025ca9affe90
Event: 15.902 Thread 0x0000025cbc5a60b0 flushing  nmethod 0x0000025ca9b47a90
Event: 15.902 Thread 0x0000025cbc5a60b0 flushing  nmethod 0x0000025ca9b4f890

Events (20 events):
Event: 0.093 Thread 0x0000025ca28daef0 Thread added: 0x0000025cbc77d060
Event: 0.093 Thread 0x0000025ca28daef0 Thread added: 0x0000025cbc77e320
Event: 0.094 Thread 0x0000025ca28daef0 Thread added: 0x0000025cbc768590
Event: 0.139 Thread 0x0000025ca28daef0 Thread added: 0x0000025cbc908fa0
Event: 0.147 Thread 0x0000025ca28daef0 Thread added: 0x0000025cbc90a1e0
Event: 0.158 Loaded shared library C:\Program Files\Android\Android Studio\jbr\bin\net.dll
Event: 0.160 Loaded shared library C:\Program Files\Android\Android Studio\jbr\bin\nio.dll
Event: 0.181 Thread 0x0000025cbc77e320 Thread added: 0x0000025cbc99ca00
Event: 0.181 Thread 0x0000025cbc77e320 Thread added: 0x0000025cbc9a0800
Event: 0.196 Loaded shared library C:\Program Files\Android\Android Studio\jbr\bin\zip.dll
Event: 0.231 Loaded shared library C:\Program Files\Android\Android Studio\jbr\bin\jimage.dll
Event: 0.742 Thread 0x0000025cbc9a0800 Thread exited: 0x0000025cbc9a0800
Event: 1.094 Thread 0x0000025cbc99ca00 Thread exited: 0x0000025cbc99ca00
Event: 1.300 Thread 0x0000025cbc768590 Thread added: 0x0000025cc1b282e0
Event: 1.409 Thread 0x0000025cbc768590 Thread added: 0x0000025cc1cf3f00
Event: 2.122 Thread 0x0000025cc1cf3f00 Thread exited: 0x0000025cc1cf3f00
Event: 2.807 Thread 0x0000025cbc768590 Thread added: 0x0000025cc3bc2df0
Event: 13.290 Thread 0x0000025cc3bc2df0 Thread exited: 0x0000025cc3bc2df0
Event: 13.291 Thread 0x0000025cc1b282e0 Thread exited: 0x0000025cc1b282e0
Event: 13.498 Thread 0x0000025cbc768590 Thread added: 0x0000025cc47509a0


Dynamic libraries:
0x00007ff7b0530000 - 0x00007ff7b053a000 	C:\Program Files\Android\Android Studio\jbr\bin\java.exe
0x00007ffc0b8d0000 - 0x00007ffc0bae7000 	C:\Windows\SYSTEM32\ntdll.dll
0x00007ffc0a320000 - 0x00007ffc0a3e4000 	C:\Windows\System32\KERNEL32.DLL
0x00007ffc08f50000 - 0x00007ffc09323000 	C:\Windows\System32\KERNELBASE.dll
0x00007ffc089e0000 - 0x00007ffc08af1000 	C:\Windows\System32\ucrtbase.dll
0x00007ffbf9bd0000 - 0x00007ffbf9beb000 	C:\Program Files\Android\Android Studio\jbr\bin\VCRUNTIME140.dll
0x00007ffbfa1c0000 - 0x00007ffbfa1d8000 	C:\Program Files\Android\Android Studio\jbr\bin\jli.dll
0x00007ffc0b680000 - 0x00007ffc0b831000 	C:\Windows\System32\USER32.dll
0x00007ffc09540000 - 0x00007ffc09566000 	C:\Windows\System32\win32u.dll
0x00007ffbff580000 - 0x00007ffbff818000 	C:\Windows\WinSxS\amd64_microsoft.windows.common-controls_6595b64144ccf1df_6.0.22621.5124_none_270e8f4f7386d69d\COMCTL32.dll
0x00007ffc0b640000 - 0x00007ffc0b669000 	C:\Windows\System32\GDI32.dll
0x00007ffc0ac90000 - 0x00007ffc0ad37000 	C:\Windows\System32\msvcrt.dll
0x00007ffc08cc0000 - 0x00007ffc08ddb000 	C:\Windows\System32\gdi32full.dll
0x00007ffc09330000 - 0x00007ffc093ca000 	C:\Windows\System32\msvcp_win.dll
0x00007ffc0ac30000 - 0x00007ffc0ac61000 	C:\Windows\System32\IMM32.DLL
0x00007ffc000a0000 - 0x00007ffc000ac000 	C:\Program Files\Android\Android Studio\jbr\bin\vcruntime140_1.dll
0x00007ffbdf4f0000 - 0x00007ffbdf57d000 	C:\Program Files\Android\Android Studio\jbr\bin\msvcp140.dll
0x00007ffb8e6b0000 - 0x00007ffb8f333000 	C:\Program Files\Android\Android Studio\jbr\bin\server\jvm.dll
0x00007ffc0aea0000 - 0x00007ffc0af51000 	C:\Windows\System32\ADVAPI32.dll
0x00007ffc0ab80000 - 0x00007ffc0ac28000 	C:\Windows\System32\sechost.dll
0x00007ffc09510000 - 0x00007ffc09538000 	C:\Windows\System32\bcrypt.dll
0x00007ffc09830000 - 0x00007ffc09944000 	C:\Windows\System32\RPCRT4.dll
0x00007ffc0a3f0000 - 0x00007ffc0a461000 	C:\Windows\System32\WS2_32.dll
0x00007ffc08700000 - 0x00007ffc0874d000 	C:\Windows\SYSTEM32\POWRPROF.dll
0x00007ffc01940000 - 0x00007ffc01974000 	C:\Windows\SYSTEM32\WINMM.dll
0x00007ffbf8650000 - 0x00007ffbf865a000 	C:\Windows\SYSTEM32\VERSION.dll
0x00007ffc086e0000 - 0x00007ffc086f3000 	C:\Windows\SYSTEM32\UMPDC.dll
0x00007ffc07970000 - 0x00007ffc07988000 	C:\Windows\SYSTEM32\kernel.appcore.dll
0x00007ffbfc4f0000 - 0x00007ffbfc4fa000 	C:\Program Files\Android\Android Studio\jbr\bin\jimage.dll
0x00007ffc062e0000 - 0x00007ffc06512000 	C:\Windows\SYSTEM32\DBGHELP.DLL
0x00007ffc0a730000 - 0x00007ffc0aac2000 	C:\Windows\System32\combase.dll
0x00007ffc0b560000 - 0x00007ffc0b637000 	C:\Windows\System32\OLEAUT32.dll
0x00007ffbfc500000 - 0x00007ffbfc532000 	C:\Windows\SYSTEM32\dbgcore.DLL
0x00007ffc08b80000 - 0x00007ffc08bfb000 	C:\Windows\System32\bcryptPrimitives.dll
0x00007ffbf9bb0000 - 0x00007ffbf9bd0000 	C:\Program Files\Android\Android Studio\jbr\bin\java.dll
0x00007ffbf9ad0000 - 0x00007ffbf9ae8000 	C:\Program Files\Android\Android Studio\jbr\bin\zip.dll
0x00007ffc09a60000 - 0x00007ffc0a2f6000 	C:\Windows\System32\SHELL32.dll
0x00007ffc093d0000 - 0x00007ffc0950f000 	C:\Windows\System32\wintypes.dll
0x00007ffc068b0000 - 0x00007ffc071ca000 	C:\Windows\SYSTEM32\windows.storage.dll
0x00007ffc0af60000 - 0x00007ffc0b06a000 	C:\Windows\System32\SHCORE.dll
0x00007ffc0a6c0000 - 0x00007ffc0a723000 	C:\Windows\System32\shlwapi.dll
0x00007ffc08910000 - 0x00007ffc0893b000 	C:\Windows\SYSTEM32\profapi.dll
0x00007ffbf9cc0000 - 0x00007ffbf9cd0000 	C:\Program Files\Android\Android Studio\jbr\bin\net.dll
0x00007ffc05580000 - 0x00007ffc056ac000 	C:\Windows\SYSTEM32\WINHTTP.dll
0x00007ffc07e50000 - 0x00007ffc07eba000 	C:\Windows\system32\mswsock.dll
0x00007ffbf9970000 - 0x00007ffbf9986000 	C:\Program Files\Android\Android Studio\jbr\bin\nio.dll
0x00007ffbf9ba0000 - 0x00007ffbf9bb0000 	C:\Program Files\Android\Android Studio\jbr\bin\verify.dll

dbghelp: loaded successfully - version: 4.0.5 - missing functions: none
symbol engine: initialized successfully - sym options: 0x614 - pdb path: .;C:\Program Files\Android\Android Studio\jbr\bin;C:\Windows\SYSTEM32;C:\Windows\WinSxS\amd64_microsoft.windows.common-controls_6595b64144ccf1df_6.0.22621.5124_none_270e8f4f7386d69d;C:\Program Files\Android\Android Studio\jbr\bin\server

VM Arguments:
java_command: org.jetbrains.kotlin.cli.jvm.K2JVMCompiler @C:\Users\aruns\AndroidStudioProjects\AkEducation\app\build\20250709_13110788789587538356.compiler.options
java_class_path (initial): C:\Users\aruns\.gradle\caches\modules-2\files-2.1\org.jetbrains.kotlin\kotlin-compiler-embeddable\1.9.24\78dab849090e6c5e2eadb6e59a11cdc28fb67a08\kotlin-compiler-embeddable-1.9.24.jar;C:\Users\aruns\.gradle\caches\modules-2\files-2.1\org.jetbrains.kotlin\kotlin-stdlib\1.9.24\9928532f12c66ad816a625b3f9984f8368ca6d2b\kotlin-stdlib-1.9.24.jar;C:\Users\aruns\.gradle\caches\modules-2\files-2.1\org.jetbrains.kotlin\kotlin-script-runtime\1.9.24\96771497da90fbc5af1c90fce148db2595a62502\kotlin-script-runtime-1.9.24.jar;C:\Users\aruns\.gradle\caches\modules-2\files-2.1\org.jetbrains.kotlin\kotlin-reflect\1.6.10\1cbe9c92c12a94eea200d23c2bbaedaf3daf5132\kotlin-reflect-1.6.10.jar;C:\Users\aruns\.gradle\caches\modules-2\files-2.1\org.jetbrains.kotlin\kotlin-daemon-embeddable\1.9.24\86685b9c5e8d170925bd9ddbdc263374a6a73281\kotlin-daemon-embeddable-1.9.24.jar;C:\Users\aruns\.gradle\caches\modules-2\files-2.1\org.jetbrains.intellij.deps\trove4j\1.0.20200330\3afb14d5f9ceb459d724e907a21145e8ff394f02\trove4j-1.0.20200330.jar;C:\Users\aruns\.gradle\caches\modules-2\files-2.1\org.jetbrains\annotations\13.0\919f0dfe192fb4e063e7dacadee7f8bb9a2672a9\annotations-13.0.jar
Launcher Type: SUN_STANDARD

[Global flags]
     intx CICompilerCount                          = 4                                         {product} {ergonomic}
     uint ConcGCThreads                            = 3                                         {product} {ergonomic}
     uint G1ConcRefinementThreads                  = 10                                        {product} {ergonomic}
   size_t G1HeapRegionSize                         = 1048576                                   {product} {ergonomic}
    uintx GCDrainStackTargetSize                   = 64                                        {product} {ergonomic}
   size_t InitialHeapSize                          = 130023424                                 {product} {ergonomic}
   size_t MarkStackSize                            = 4194304                                   {product} {ergonomic}
   size_t MaxHeapSize                              = 2065694720                                {product} {ergonomic}
   size_t MaxNewSize                               = 1239416832                                {product} {ergonomic}
   size_t MinHeapDeltaBytes                        = 1048576                                   {product} {ergonomic}
   size_t MinHeapSize                              = 8388608                                   {product} {ergonomic}
    uintx NonNMethodCodeHeapSize                   = 5839372                                {pd product} {ergonomic}
    uintx NonProfiledCodeHeapSize                  = 122909434                              {pd product} {ergonomic}
    uintx ProfiledCodeHeapSize                     = 122909434                              {pd product} {ergonomic}
    uintx ReservedCodeCacheSize                    = 251658240                              {pd product} {ergonomic}
     bool SegmentedCodeCache                       = true                                      {product} {ergonomic}
   size_t SoftMaxHeapSize                          = 2065694720                             {manageable} {ergonomic}
     bool UseCompressedOops                        = true                           {product lp64_product} {ergonomic}
     bool UseG1GC                                  = true                                      {product} {ergonomic}
     bool UseLargePagesIndividualAllocation        = false                                  {pd product} {ergonomic}

Logging:
Log output configuration:
 #0: stdout all=warning uptime,level,tags foldmultilines=false
 #1: stderr all=off uptime,level,tags foldmultilines=false

Environment Variables:
PATH=C:\Windows\system32;C:\Windows;C:\Windows\System32\Wbem;C:\Windows\System32\WindowsPowerShell\v1.0\;C:\Windows\System32\OpenSSH\;C:\Program Files\dotnet\;C:\Users\aruns\AppData\Local\Microsoft\WindowsApps;C:\Users\aruns\AppData\Local\Programs\Microsoft VS Code\bin
USERNAME=Arunsingh0327
OS=Windows_NT
PROCESSOR_IDENTIFIER=Intel64 Family 6 Model 154 Stepping 4, GenuineIntel
TMP=C:\Users\aruns\AppData\Local\Temp
TEMP=C:\Users\aruns\AppData\Local\Temp




Periodic native trim disabled

JNI global refs:
JNI global refs: 13, weak refs: 10

JNI global refs memory usage: 835, weak refs: 833

Process memory usage:
Resident Set Size: 388632K (4% of 8066664K total physical memory with 453404K free physical memory)

OOME stack traces (most recent first):
Classloader memory used:
Loader jdk.internal.loader.ClassLoaders$AppClassLoader                                 : 74675K
Loader bootstrap                                                                       : 13033K

---------------  S Y S T E M  ---------------

OS:
 Windows 11 , 64 bit Build 22621 (10.0.22621.5124)
OS uptime: 82 days 22:16 hours
Hyper-V role detected

CPU: total 12 (initial active 12) (6 cores per cpu, 2 threads per core) family 6 model 154 stepping 4 microcode 0x42c, cx8, cmov, fxsr, ht, mmx, 3dnowpref, sse, sse2, sse3, ssse3, sse4.1, sse4.2, popcnt, lzcnt, tsc, tscinvbit, avx, avx2, aes, erms, clmul, bmi1, bmi2, adx, sha, fma, vzeroupper, clflush, clflushopt, clwb, hv, serialize, rdtscp, rdpid, fsrm, f16c, cet_ibt, cet_ss
Processor Information for processor 0
  Max Mhz: 1300, Current Mhz: 1300, Mhz Limit: 1300
Processor Information for processor 1
  Max Mhz: 1300, Current Mhz: 1300, Mhz Limit: 1300
Processor Information for processor 2
  Max Mhz: 1300, Current Mhz: 1300, Mhz Limit: 1300
Processor Information for processor 3
  Max Mhz: 1300, Current Mhz: 1300, Mhz Limit: 1300
Processor Information for processor 4
  Max Mhz: 1300, Current Mhz: 900, Mhz Limit: 897
Processor Information for processor 5
  Max Mhz: 1300, Current Mhz: 900, Mhz Limit: 897
Processor Information for processor 6
  Max Mhz: 1300, Current Mhz: 900, Mhz Limit: 897
Processor Information for processor 7
  Max Mhz: 1300, Current Mhz: 900, Mhz Limit: 897
Processor Information for processor 8
  Max Mhz: 1300, Current Mhz: 900, Mhz Limit: 897
Processor Information for processor 9
  Max Mhz: 1300, Current Mhz: 900, Mhz Limit: 897
Processor Information for processor 10
  Max Mhz: 1300, Current Mhz: 900, Mhz Limit: 897
Processor Information for processor 11
  Max Mhz: 1300, Current Mhz: 900, Mhz Limit: 897

Memory: 4k page, system-wide physical 7877M (442M free)
TotalPageFile size 32453M (AvailPageFile size 31M)
current process WorkingSet (physical memory assigned to process): 379M, peak: 383M
current process commit charge ("private bytes"): 418M, peak: 445M

vm_info: OpenJDK 64-Bit Server VM (21.0.4+-12508038-b607.1) for windows-amd64 JRE (21.0.4+-12508038-b607.1), built on 2024-10-16T17:23:34Z by "builder" with MS VC++ 16.10 / 16.11 (VS2019)

END.
